<?xml version="1.0" encoding="UTF-8"?>
<!-- Generated by org.testng.reporters.JUnitXMLReporter -->
<testsuite ignored="0" hostname="LAPTOP-QEGG51D4" failures="0" tests="6" name="Surefire test" time="0.083" errors="0" timestamp="2022-04-03T13:05:46 IST">
  <testcase classname="abhirahul.Mavenjava.AppiumTest" name="deletetwitter" time="0.008"/>
  <testcase classname="abhirahul.Mavenjava.AppiumTest" name="postjira" time="0.0"/>
  <testcase classname="abhirahul.Mavenjava.RESTAPITest" name="base" time="0.001"/>
  <testcase classname="abhirahul.Mavenjava.RESTAPITest" name="motive" time="0.0"/>
  <testcase classname="abhirahul.Mavenjava.SeleniumTest" name="BrowserAutomation" time="0.001"/>
  <testcase classname="abhirahul.Mavenjava.SeleniumTest" name="elementsUI" time="0.0"/>
</testsuite> <!-- Surefire test -->
