<?xml version="1.0" encoding="UTF-8"?>
<!-- Generated by org.testng.reporters.JUnitXMLReporter -->
<testsuite ignored="0" hostname="LAPTOP-QEGG51D4" failures="0" tests="5" name="Default test" time="0.103" errors="0" timestamp="2022-04-03T22:14:37 IST">
  <testcase classname="abhirahul.Mavenjava.SeleniumTest" name="elementsUI" time="0.015"/>
  <testcase classname="abhirahul.Mavenjava.AppiumTest" name="deletetwitter" time="0.002"/>
  <testcase classname="abhirahul.Mavenjava.AppiumTest" name="postjira" time="0.003"/>
  <testcase classname="abhirahul.Mavenjava.RESTAPITest" name="base" time="0.007"/>
  <testcase classname="abhirahul.Mavenjava.RESTAPITest" name="motive" time="0.002"/>
</testsuite> <!-- Default test -->
