<?xml version="1.0" encoding="UTF-8"?>
<testng-results ignored="0" total="5" passed="5" failed="0" skipped="0">
  <reporter-output>
  </reporter-output>
  <suite started-at="2022-04-03T22:21:04 IST" name="Suite" finished-at="2022-04-03T22:21:04 IST" duration-ms="87">
    <groups>
    </groups>
    <test started-at="2022-04-03T22:21:04 IST" name="Test" finished-at="2022-04-03T22:21:04 IST" duration-ms="87">
      <class name="abhirahul.Mavenjava.SeleniumTest">
        <test-method signature="elementsUI()[pri:0, instance:abhirahul.Mavenjava.SeleniumTest@5f9b2141]" started-at="2022-04-03T22:21:04 IST" name="elementsUI" finished-at="2022-04-03T22:21:04 IST" duration-ms="1" status="PASS">
          <reporter-output>
          </reporter-output>
        </test-method> <!-- elementsUI -->
      </class> <!-- abhirahul.Mavenjava.SeleniumTest -->
      <class name="abhirahul.Mavenjava.AppiumTest">
        <test-method signature="deletetwitter()[pri:0, instance:abhirahul.Mavenjava.AppiumTest@6631f5ca]" started-at="2022-04-03T22:21:04 IST" name="deletetwitter" finished-at="2022-04-03T22:21:04 IST" duration-ms="8" status="PASS">
          <reporter-output>
          </reporter-output>
        </test-method> <!-- deletetwitter -->
        <test-method signature="postjira()[pri:0, instance:abhirahul.Mavenjava.AppiumTest@6631f5ca]" started-at="2022-04-03T22:21:04 IST" name="postjira" finished-at="2022-04-03T22:21:04 IST" duration-ms="1" status="PASS">
          <reporter-output>
          </reporter-output>
        </test-method> <!-- postjira -->
      </class> <!-- abhirahul.Mavenjava.AppiumTest -->
      <class name="abhirahul.Mavenjava.RESTAPITest">
        <test-method signature="base()[pri:0, instance:abhirahul.Mavenjava.RESTAPITest@550ee7e5]" started-at="2022-04-03T22:21:04 IST" name="base" finished-at="2022-04-03T22:21:04 IST" duration-ms="1" status="PASS">
          <reporter-output>
          </reporter-output>
        </test-method> <!-- base -->
        <test-method signature="motive()[pri:0, instance:abhirahul.Mavenjava.RESTAPITest@550ee7e5]" started-at="2022-04-03T22:21:04 IST" name="motive" finished-at="2022-04-03T22:21:04 IST" duration-ms="1" status="PASS">
          <reporter-output>
          </reporter-output>
        </test-method> <!-- motive -->
      </class> <!-- abhirahul.Mavenjava.RESTAPITest -->
    </test> <!-- Test -->
  </suite> <!-- Suite -->
</testng-results>
