<?xml version="1.0" encoding="UTF-8"?>
<testng-results ignored="0" total="5" passed="5" failed="0" skipped="0">
  <reporter-output>
  </reporter-output>
  <suite started-at="2022-04-03T22:14:36 IST" name="Default suite" finished-at="2022-04-03T22:14:37 IST" duration-ms="103">
    <groups>
    </groups>
    <test started-at="2022-04-03T22:14:36 IST" name="Default test" finished-at="2022-04-03T22:14:37 IST" duration-ms="103">
      <class name="abhirahul.Mavenjava.SeleniumTest">
        <test-method signature="elementsUI()[pri:0, instance:abhirahul.Mavenjava.SeleniumTest@23c30a20]" started-at="2022-04-03T22:14:37 IST" name="elementsUI" finished-at="2022-04-03T22:14:37 IST" duration-ms="15" status="PASS">
          <reporter-output>
          </reporter-output>
        </test-method> <!-- elementsUI -->
      </class> <!-- abhirahul.Mavenjava.SeleniumTest -->
      <class name="abhirahul.Mavenjava.AppiumTest">
        <test-method signature="deletetwitter()[pri:0, instance:abhirahul.Mavenjava.AppiumTest@2dc54ad4]" started-at="2022-04-03T22:14:37 IST" name="deletetwitter" finished-at="2022-04-03T22:14:37 IST" duration-ms="2" status="PASS">
          <reporter-output>
          </reporter-output>
        </test-method> <!-- deletetwitter -->
        <test-method signature="postjira()[pri:0, instance:abhirahul.Mavenjava.AppiumTest@2dc54ad4]" started-at="2022-04-03T22:14:37 IST" name="postjira" finished-at="2022-04-03T22:14:37 IST" duration-ms="3" status="PASS">
          <reporter-output>
          </reporter-output>
        </test-method> <!-- postjira -->
      </class> <!-- abhirahul.Mavenjava.AppiumTest -->
      <class name="abhirahul.Mavenjava.RESTAPITest">
        <test-method signature="base()[pri:0, instance:abhirahul.Mavenjava.RESTAPITest@4659191b]" started-at="2022-04-03T22:14:37 IST" name="base" finished-at="2022-04-03T22:14:37 IST" duration-ms="7" status="PASS">
          <reporter-output>
          </reporter-output>
        </test-method> <!-- base -->
        <test-method signature="motive()[pri:0, instance:abhirahul.Mavenjava.RESTAPITest@4659191b]" started-at="2022-04-03T22:14:37 IST" name="motive" finished-at="2022-04-03T22:14:37 IST" duration-ms="2" status="PASS">
          <reporter-output>
          </reporter-output>
        </test-method> <!-- motive -->
      </class> <!-- abhirahul.Mavenjava.RESTAPITest -->
    </test> <!-- Default test -->
  </suite> <!-- Default suite -->
</testng-results>
